<?xml version="1.0" encoding="UTF-8"?>
<testng-results skipped="0" failed="0" total="1" passed="1">
  <reporter-output>
  </reporter-output>
  <suite name="Default suite" duration-ms="9062" started-at="2020-12-14T13:31:05Z" finished-at="2020-12-14T13:31:14Z">
    <groups>
    </groups>
    <test name="Default test" duration-ms="9062" started-at="2020-12-14T13:31:05Z" finished-at="2020-12-14T13:31:14Z">
      <class name="testng.OrghrmTest">
        <test-method status="PASS" signature="xyz()[pri:0, instance:testng.OrghrmTest@ea4a92b]" name="xyz" duration-ms="9039" started-at="2020-12-14T19:01:05Z" finished-at="2020-12-14T19:01:14Z">
          <reporter-output>
          </reporter-output>
        </test-method> <!-- xyz -->
      </class> <!-- testng.OrghrmTest -->
    </test> <!-- Default test -->
  </suite> <!-- Default suite -->
</testng-results>
